2017-11-22 15:38:42 - PHP Notice:  Undefined index: USD in /home/datingok/dating-ok.pro/bbar/system/library/cart/currency.php on line 25
2017-11-22 15:38:42 - PHP Notice:  Undefined index: USD in /home/datingok/dating-ok.pro/bbar/system/library/cart/currency.php on line 26
2017-11-22 15:38:42 - PHP Notice:  Undefined index: USD in /home/datingok/dating-ok.pro/bbar/system/library/cart/currency.php on line 27
2017-11-22 15:38:42 - PHP Notice:  Undefined index: USD in /home/datingok/dating-ok.pro/bbar/system/library/cart/currency.php on line 30
2017-11-22 15:38:42 - PHP Notice:  Undefined index: USD in /home/datingok/dating-ok.pro/bbar/system/library/cart/currency.php on line 25
2017-11-22 15:38:42 - PHP Notice:  Undefined index: USD in /home/datingok/dating-ok.pro/bbar/system/library/cart/currency.php on line 26
2017-11-22 15:38:42 - PHP Notice:  Undefined index: USD in /home/datingok/dating-ok.pro/bbar/system/library/cart/currency.php on line 27
2017-11-22 15:38:42 - PHP Notice:  Undefined index: USD in /home/datingok/dating-ok.pro/bbar/system/library/cart/currency.php on line 30
2017-11-22 15:38:42 - PHP Notice:  Undefined index: USD in /home/datingok/dating-ok.pro/bbar/system/library/cart/currency.php on line 25
2017-11-22 15:38:42 - PHP Notice:  Undefined index: USD in /home/datingok/dating-ok.pro/bbar/system/library/cart/currency.php on line 26
2017-11-22 15:38:42 - PHP Notice:  Undefined index: USD in /home/datingok/dating-ok.pro/bbar/system/library/cart/currency.php on line 27
2017-11-22 15:38:42 - PHP Notice:  Undefined index: USD in /home/datingok/dating-ok.pro/bbar/system/library/cart/currency.php on line 30
2017-11-22 15:38:42 - PHP Notice:  Undefined index: USD in /home/datingok/dating-ok.pro/bbar/system/library/cart/currency.php on line 25
2017-11-22 15:38:42 - PHP Notice:  Undefined index: USD in /home/datingok/dating-ok.pro/bbar/system/library/cart/currency.php on line 26
2017-11-22 15:38:42 - PHP Notice:  Undefined index: USD in /home/datingok/dating-ok.pro/bbar/system/library/cart/currency.php on line 27
2017-11-22 15:38:42 - PHP Notice:  Undefined index: USD in /home/datingok/dating-ok.pro/bbar/system/library/cart/currency.php on line 30
2017-11-22 15:38:42 - PHP Notice:  Undefined index: USD in /home/datingok/dating-ok.pro/bbar/system/library/cart/currency.php on line 25
2017-11-22 15:38:42 - PHP Notice:  Undefined index: USD in /home/datingok/dating-ok.pro/bbar/system/library/cart/currency.php on line 26
2017-11-22 15:38:42 - PHP Notice:  Undefined index: USD in /home/datingok/dating-ok.pro/bbar/system/library/cart/currency.php on line 27
2017-11-22 15:38:42 - PHP Notice:  Undefined index: USD in /home/datingok/dating-ok.pro/bbar/system/library/cart/currency.php on line 30
2017-11-22 15:38:42 - PHP Notice:  Undefined index: USD in /home/datingok/dating-ok.pro/bbar/system/library/cart/currency.php on line 25
2017-11-22 15:38:42 - PHP Notice:  Undefined index: USD in /home/datingok/dating-ok.pro/bbar/system/library/cart/currency.php on line 26
2017-11-22 15:38:42 - PHP Notice:  Undefined index: USD in /home/datingok/dating-ok.pro/bbar/system/library/cart/currency.php on line 27
2017-11-22 15:38:42 - PHP Notice:  Undefined index: USD in /home/datingok/dating-ok.pro/bbar/system/library/cart/currency.php on line 30
2017-11-22 15:38:42 - PHP Notice:  Undefined index: USD in /home/datingok/dating-ok.pro/bbar/system/library/cart/currency.php on line 25
2017-11-22 15:38:42 - PHP Notice:  Undefined index: USD in /home/datingok/dating-ok.pro/bbar/system/library/cart/currency.php on line 26
2017-11-22 15:38:42 - PHP Notice:  Undefined index: USD in /home/datingok/dating-ok.pro/bbar/system/library/cart/currency.php on line 27
2017-11-22 15:38:42 - PHP Notice:  Undefined index: USD in /home/datingok/dating-ok.pro/bbar/system/library/cart/currency.php on line 30
2017-11-22 15:38:42 - PHP Notice:  Undefined index: USD in /home/datingok/dating-ok.pro/bbar/system/library/cart/currency.php on line 25
2017-11-22 15:38:42 - PHP Notice:  Undefined index: USD in /home/datingok/dating-ok.pro/bbar/system/library/cart/currency.php on line 26
2017-11-22 15:38:42 - PHP Notice:  Undefined index: USD in /home/datingok/dating-ok.pro/bbar/system/library/cart/currency.php on line 27
2017-11-22 15:38:42 - PHP Notice:  Undefined index: USD in /home/datingok/dating-ok.pro/bbar/system/library/cart/currency.php on line 30
2017-11-22 15:38:42 - PHP Notice:  Undefined index: USD in /home/datingok/dating-ok.pro/bbar/system/library/cart/currency.php on line 25
2017-11-22 15:38:42 - PHP Notice:  Undefined index: USD in /home/datingok/dating-ok.pro/bbar/system/library/cart/currency.php on line 26
2017-11-22 15:38:42 - PHP Notice:  Undefined index: USD in /home/datingok/dating-ok.pro/bbar/system/library/cart/currency.php on line 27
2017-11-22 15:38:42 - PHP Notice:  Undefined index: USD in /home/datingok/dating-ok.pro/bbar/system/library/cart/currency.php on line 30
2017-11-22 15:38:42 - PHP Notice:  Undefined index: USD in /home/datingok/dating-ok.pro/bbar/system/library/cart/currency.php on line 25
2017-11-22 15:38:42 - PHP Notice:  Undefined index: USD in /home/datingok/dating-ok.pro/bbar/system/library/cart/currency.php on line 26
2017-11-22 15:38:42 - PHP Notice:  Undefined index: USD in /home/datingok/dating-ok.pro/bbar/system/library/cart/currency.php on line 27
2017-11-22 15:38:42 - PHP Notice:  Undefined index: USD in /home/datingok/dating-ok.pro/bbar/system/library/cart/currency.php on line 30
2017-11-22 15:38:43 - PHP Notice:  Undefined index: USD in /home/datingok/dating-ok.pro/bbar/system/library/cart/currency.php on line 25
2017-11-22 15:38:43 - PHP Notice:  Undefined index: USD in /home/datingok/dating-ok.pro/bbar/system/library/cart/currency.php on line 26
2017-11-22 15:38:43 - PHP Notice:  Undefined index: USD in /home/datingok/dating-ok.pro/bbar/system/library/cart/currency.php on line 27
2017-11-22 15:38:43 - PHP Notice:  Undefined index: USD in /home/datingok/dating-ok.pro/bbar/system/library/cart/currency.php on line 30
2017-11-22 15:38:43 - PHP Notice:  Undefined index: USD in /home/datingok/dating-ok.pro/bbar/system/library/cart/currency.php on line 25
2017-11-22 15:38:43 - PHP Notice:  Undefined index: USD in /home/datingok/dating-ok.pro/bbar/system/library/cart/currency.php on line 26
2017-11-22 15:38:43 - PHP Notice:  Undefined index: USD in /home/datingok/dating-ok.pro/bbar/system/library/cart/currency.php on line 27
2017-11-22 15:38:43 - PHP Notice:  Undefined index: USD in /home/datingok/dating-ok.pro/bbar/system/library/cart/currency.php on line 30
2017-11-22 15:38:43 - PHP Notice:  Undefined index: USD in /home/datingok/dating-ok.pro/bbar/system/library/cart/currency.php on line 25
2017-11-22 15:38:43 - PHP Notice:  Undefined index: USD in /home/datingok/dating-ok.pro/bbar/system/library/cart/currency.php on line 26
2017-11-22 15:38:43 - PHP Notice:  Undefined index: USD in /home/datingok/dating-ok.pro/bbar/system/library/cart/currency.php on line 27
2017-11-22 15:38:43 - PHP Notice:  Undefined index: USD in /home/datingok/dating-ok.pro/bbar/system/library/cart/currency.php on line 30
2017-12-01 14:01:47 - PHP Notice:  Undefined variable: result in /var/www/bbar/web/catalog/controller/extension/module/featured.php on line 63
2017-12-01 14:01:47 - PHP Notice:  Undefined variable: result in /var/www/bbar/web/catalog/controller/extension/module/featured.php on line 63
2017-12-01 14:01:47 - PHP Notice:  Undefined variable: result in /var/www/bbar/web/catalog/controller/extension/module/featured.php on line 63
2017-12-01 14:01:47 - PHP Notice:  Undefined variable: result in /var/www/bbar/web/catalog/controller/extension/module/featured.php on line 63
2017-12-01 14:01:47 - PHP Notice:  Undefined variable: result in /var/www/bbar/web/catalog/controller/extension/module/featured.php on line 63
2017-12-01 14:01:47 - PHP Notice:  Undefined variable: result in /var/www/bbar/web/catalog/controller/extension/module/featured.php on line 63
2017-12-01 14:01:47 - PHP Notice:  Undefined variable: result in /var/www/bbar/web/catalog/controller/extension/module/featured.php on line 63
2017-12-01 14:01:47 - PHP Notice:  Undefined variable: result in /var/www/bbar/web/catalog/controller/extension/module/featured.php on line 63
2017-12-01 14:02:00 - PHP Notice:  Undefined variable: result in /var/www/bbar/web/catalog/controller/extension/module/featured.php on line 63
2017-12-01 14:02:00 - PHP Notice:  Undefined variable: result in /var/www/bbar/web/catalog/controller/extension/module/featured.php on line 63
2017-12-01 14:02:00 - PHP Notice:  Undefined variable: result in /var/www/bbar/web/catalog/controller/extension/module/featured.php on line 63
2017-12-01 14:02:00 - PHP Notice:  Undefined variable: result in /var/www/bbar/web/catalog/controller/extension/module/featured.php on line 63
2017-12-01 14:02:00 - PHP Notice:  Undefined variable: result in /var/www/bbar/web/catalog/controller/extension/module/featured.php on line 63
2017-12-01 14:02:00 - PHP Notice:  Undefined variable: result in /var/www/bbar/web/catalog/controller/extension/module/featured.php on line 63
2017-12-01 14:02:00 - PHP Notice:  Undefined variable: result in /var/www/bbar/web/catalog/controller/extension/module/featured.php on line 63
2017-12-01 14:02:00 - PHP Notice:  Undefined variable: result in /var/www/bbar/web/catalog/controller/extension/module/featured.php on line 63
2017-12-01 14:02:42 - PHP Notice:  Undefined variable: result in /var/www/bbar/web/catalog/controller/extension/module/featured.php on line 63
2017-12-01 14:02:42 - PHP Notice:  Undefined variable: result in /var/www/bbar/web/catalog/controller/extension/module/featured.php on line 63
2017-12-01 14:02:42 - PHP Notice:  Undefined variable: result in /var/www/bbar/web/catalog/controller/extension/module/featured.php on line 63
2017-12-01 14:02:42 - PHP Notice:  Undefined variable: result in /var/www/bbar/web/catalog/controller/extension/module/featured.php on line 63
2017-12-01 14:02:42 - PHP Notice:  Undefined variable: result in /var/www/bbar/web/catalog/controller/extension/module/featured.php on line 63
2017-12-01 14:02:42 - PHP Notice:  Undefined variable: result in /var/www/bbar/web/catalog/controller/extension/module/featured.php on line 63
2017-12-01 14:02:42 - PHP Notice:  Undefined variable: result in /var/www/bbar/web/catalog/controller/extension/module/featured.php on line 63
2017-12-01 14:02:42 - PHP Notice:  Undefined variable: result in /var/www/bbar/web/catalog/controller/extension/module/featured.php on line 63
2017-12-01 14:08:08 - PHP Notice:  Undefined variable: result in /var/www/bbar/web/catalog/controller/extension/module/featured.php on line 63
2017-12-01 14:08:08 - PHP Notice:  Undefined variable: result in /var/www/bbar/web/catalog/controller/extension/module/featured.php on line 63
2017-12-01 14:08:08 - PHP Notice:  Undefined variable: result in /var/www/bbar/web/catalog/controller/extension/module/featured.php on line 63
2017-12-01 14:08:08 - PHP Notice:  Undefined variable: result in /var/www/bbar/web/catalog/controller/extension/module/featured.php on line 63
2017-12-01 14:08:08 - PHP Notice:  Undefined variable: result in /var/www/bbar/web/catalog/controller/extension/module/featured.php on line 63
2017-12-01 14:08:08 - PHP Notice:  Undefined variable: result in /var/www/bbar/web/catalog/controller/extension/module/featured.php on line 63
2017-12-01 14:08:08 - PHP Notice:  Undefined variable: result in /var/www/bbar/web/catalog/controller/extension/module/featured.php on line 63
2017-12-01 14:08:09 - PHP Notice:  Undefined variable: result in /var/www/bbar/web/catalog/controller/extension/module/featured.php on line 63
2017-12-01 14:09:23 - PHP Notice:  Undefined variable: result in /var/www/bbar/web/catalog/controller/extension/module/featured.php on line 63
2017-12-01 14:09:23 - PHP Notice:  Undefined variable: result in /var/www/bbar/web/catalog/controller/extension/module/featured.php on line 63
2017-12-01 14:09:23 - PHP Notice:  Undefined variable: result in /var/www/bbar/web/catalog/controller/extension/module/featured.php on line 63
2017-12-01 14:09:23 - PHP Notice:  Undefined variable: result in /var/www/bbar/web/catalog/controller/extension/module/featured.php on line 63
2017-12-01 14:09:23 - PHP Notice:  Undefined variable: result in /var/www/bbar/web/catalog/controller/extension/module/featured.php on line 63
2017-12-01 14:09:23 - PHP Notice:  Undefined variable: result in /var/www/bbar/web/catalog/controller/extension/module/featured.php on line 63
2017-12-01 14:09:23 - PHP Notice:  Undefined variable: result in /var/www/bbar/web/catalog/controller/extension/module/featured.php on line 63
2017-12-01 14:09:23 - PHP Notice:  Undefined variable: result in /var/www/bbar/web/catalog/controller/extension/module/featured.php on line 63
2017-12-01 14:15:12 - PHP Notice:  Undefined variable: result in /var/www/bbar/web/catalog/controller/extension/module/featured.php on line 63
2017-12-01 14:15:12 - PHP Notice:  Undefined variable: result in /var/www/bbar/web/catalog/controller/extension/module/featured.php on line 63
2017-12-01 14:15:12 - PHP Notice:  Undefined variable: result in /var/www/bbar/web/catalog/controller/extension/module/featured.php on line 63
2017-12-01 14:15:12 - PHP Notice:  Undefined variable: result in /var/www/bbar/web/catalog/controller/extension/module/featured.php on line 63
2017-12-01 14:15:12 - PHP Notice:  Undefined variable: result in /var/www/bbar/web/catalog/controller/extension/module/featured.php on line 63
2017-12-01 14:15:12 - PHP Notice:  Undefined variable: result in /var/www/bbar/web/catalog/controller/extension/module/featured.php on line 63
2017-12-01 14:15:12 - PHP Notice:  Undefined variable: result in /var/www/bbar/web/catalog/controller/extension/module/featured.php on line 63
2017-12-01 14:15:12 - PHP Notice:  Undefined variable: result in /var/www/bbar/web/catalog/controller/extension/module/featured.php on line 63
2017-12-01 14:15:33 - PHP Notice:  Undefined variable: result in /var/www/bbar/web/catalog/controller/extension/module/featured.php on line 63
2017-12-01 14:15:33 - PHP Notice:  Undefined variable: result in /var/www/bbar/web/catalog/controller/extension/module/featured.php on line 63
2017-12-01 14:15:34 - PHP Notice:  Undefined variable: result in /var/www/bbar/web/catalog/controller/extension/module/featured.php on line 63
2017-12-01 14:15:34 - PHP Notice:  Undefined variable: result in /var/www/bbar/web/catalog/controller/extension/module/featured.php on line 63
2017-12-01 14:15:34 - PHP Notice:  Undefined variable: result in /var/www/bbar/web/catalog/controller/extension/module/featured.php on line 63
2017-12-01 14:15:34 - PHP Notice:  Undefined variable: result in /var/www/bbar/web/catalog/controller/extension/module/featured.php on line 63
2017-12-01 14:15:34 - PHP Notice:  Undefined variable: result in /var/www/bbar/web/catalog/controller/extension/module/featured.php on line 63
2017-12-01 14:15:34 - PHP Notice:  Undefined variable: result in /var/www/bbar/web/catalog/controller/extension/module/featured.php on line 63
2017-12-01 14:15:46 - PHP Notice:  Undefined variable: result in /var/www/bbar/web/catalog/controller/extension/module/featured.php on line 63
2017-12-01 14:15:46 - PHP Notice:  Undefined variable: result in /var/www/bbar/web/catalog/controller/extension/module/featured.php on line 63
2017-12-01 14:15:46 - PHP Notice:  Undefined variable: result in /var/www/bbar/web/catalog/controller/extension/module/featured.php on line 63
2017-12-01 14:15:46 - PHP Notice:  Undefined variable: result in /var/www/bbar/web/catalog/controller/extension/module/featured.php on line 63
2017-12-01 14:15:46 - PHP Notice:  Undefined variable: result in /var/www/bbar/web/catalog/controller/extension/module/featured.php on line 63
2017-12-01 14:15:46 - PHP Notice:  Undefined variable: result in /var/www/bbar/web/catalog/controller/extension/module/featured.php on line 63
2017-12-01 14:15:46 - PHP Notice:  Undefined variable: result in /var/www/bbar/web/catalog/controller/extension/module/featured.php on line 63
2017-12-01 14:15:46 - PHP Notice:  Undefined variable: result in /var/www/bbar/web/catalog/controller/extension/module/featured.php on line 63
2017-12-01 14:16:22 - PHP Notice:  Undefined variable: result in /var/www/bbar/web/catalog/controller/extension/module/featured.php on line 63
2017-12-01 14:16:22 - PHP Notice:  Undefined variable: result in /var/www/bbar/web/catalog/controller/extension/module/featured.php on line 63
2017-12-01 14:16:22 - PHP Notice:  Undefined variable: result in /var/www/bbar/web/catalog/controller/extension/module/featured.php on line 63
2017-12-01 14:16:22 - PHP Notice:  Undefined variable: result in /var/www/bbar/web/catalog/controller/extension/module/featured.php on line 63
2017-12-01 14:16:22 - PHP Notice:  Undefined variable: result in /var/www/bbar/web/catalog/controller/extension/module/featured.php on line 63
2017-12-01 14:16:22 - PHP Notice:  Undefined variable: result in /var/www/bbar/web/catalog/controller/extension/module/featured.php on line 63
2017-12-01 14:16:22 - PHP Notice:  Undefined variable: result in /var/www/bbar/web/catalog/controller/extension/module/featured.php on line 63
2017-12-01 14:16:22 - PHP Notice:  Undefined variable: result in /var/www/bbar/web/catalog/controller/extension/module/featured.php on line 63
2017-12-01 14:17:37 - PHP Notice:  Undefined variable: result in /var/www/bbar/web/catalog/controller/extension/module/featured.php on line 63
2017-12-01 14:17:37 - PHP Notice:  Undefined variable: result in /var/www/bbar/web/catalog/controller/extension/module/featured.php on line 63
2017-12-01 14:17:37 - PHP Notice:  Undefined variable: result in /var/www/bbar/web/catalog/controller/extension/module/featured.php on line 63
2017-12-01 14:17:37 - PHP Notice:  Undefined variable: result in /var/www/bbar/web/catalog/controller/extension/module/featured.php on line 63
2017-12-01 14:17:37 - PHP Notice:  Undefined variable: result in /var/www/bbar/web/catalog/controller/extension/module/featured.php on line 63
2017-12-01 14:17:37 - PHP Notice:  Undefined variable: result in /var/www/bbar/web/catalog/controller/extension/module/featured.php on line 63
2017-12-01 14:17:37 - PHP Notice:  Undefined variable: result in /var/www/bbar/web/catalog/controller/extension/module/featured.php on line 63
2017-12-01 14:17:37 - PHP Notice:  Undefined variable: result in /var/www/bbar/web/catalog/controller/extension/module/featured.php on line 63
2017-12-01 14:17:58 - PHP Notice:  Undefined variable: result in /var/www/bbar/web/catalog/controller/extension/module/featured.php on line 63
2017-12-01 14:17:58 - PHP Notice:  Undefined variable: result in /var/www/bbar/web/catalog/controller/extension/module/featured.php on line 63
2017-12-01 14:17:58 - PHP Notice:  Undefined variable: result in /var/www/bbar/web/catalog/controller/extension/module/featured.php on line 63
2017-12-01 14:17:58 - PHP Notice:  Undefined variable: result in /var/www/bbar/web/catalog/controller/extension/module/featured.php on line 63
2017-12-01 14:17:58 - PHP Notice:  Undefined variable: result in /var/www/bbar/web/catalog/controller/extension/module/featured.php on line 63
2017-12-01 14:17:58 - PHP Notice:  Undefined variable: result in /var/www/bbar/web/catalog/controller/extension/module/featured.php on line 63
2017-12-01 14:17:58 - PHP Notice:  Undefined variable: result in /var/www/bbar/web/catalog/controller/extension/module/featured.php on line 63
2017-12-01 14:17:58 - PHP Notice:  Undefined variable: result in /var/www/bbar/web/catalog/controller/extension/module/featured.php on line 63
2017-12-01 14:18:55 - PHP Notice:  Undefined variable: result in /var/www/bbar/web/catalog/controller/extension/module/featured.php on line 63
2017-12-01 14:18:55 - PHP Notice:  Undefined variable: result in /var/www/bbar/web/catalog/controller/extension/module/featured.php on line 63
2017-12-01 14:18:55 - PHP Notice:  Undefined variable: result in /var/www/bbar/web/catalog/controller/extension/module/featured.php on line 63
2017-12-01 14:18:55 - PHP Notice:  Undefined variable: result in /var/www/bbar/web/catalog/controller/extension/module/featured.php on line 63
2017-12-01 14:18:55 - PHP Notice:  Undefined variable: result in /var/www/bbar/web/catalog/controller/extension/module/featured.php on line 63
2017-12-01 14:18:55 - PHP Notice:  Undefined variable: result in /var/www/bbar/web/catalog/controller/extension/module/featured.php on line 63
2017-12-01 14:18:55 - PHP Notice:  Undefined variable: result in /var/www/bbar/web/catalog/controller/extension/module/featured.php on line 63
2017-12-01 14:18:55 - PHP Notice:  Undefined variable: result in /var/www/bbar/web/catalog/controller/extension/module/featured.php on line 63
2017-12-01 14:19:21 - PHP Notice:  Undefined variable: result in /var/www/bbar/web/catalog/controller/extension/module/featured.php on line 63
2017-12-01 14:19:21 - PHP Notice:  Undefined variable: result in /var/www/bbar/web/catalog/controller/extension/module/featured.php on line 63
2017-12-01 14:19:21 - PHP Notice:  Undefined variable: result in /var/www/bbar/web/catalog/controller/extension/module/featured.php on line 63
2017-12-01 14:19:21 - PHP Notice:  Undefined variable: result in /var/www/bbar/web/catalog/controller/extension/module/featured.php on line 63
2017-12-01 14:19:21 - PHP Notice:  Undefined variable: result in /var/www/bbar/web/catalog/controller/extension/module/featured.php on line 63
2017-12-01 14:19:21 - PHP Notice:  Undefined variable: result in /var/www/bbar/web/catalog/controller/extension/module/featured.php on line 63
2017-12-01 14:19:21 - PHP Notice:  Undefined variable: result in /var/www/bbar/web/catalog/controller/extension/module/featured.php on line 63
2017-12-01 14:19:21 - PHP Notice:  Undefined variable: result in /var/www/bbar/web/catalog/controller/extension/module/featured.php on line 63
2017-12-01 14:19:54 - PHP Notice:  Undefined variable: result in /var/www/bbar/web/catalog/controller/extension/module/featured.php on line 63
2017-12-01 14:19:54 - PHP Notice:  Undefined variable: result in /var/www/bbar/web/catalog/controller/extension/module/featured.php on line 63
2017-12-01 14:19:54 - PHP Notice:  Undefined variable: result in /var/www/bbar/web/catalog/controller/extension/module/featured.php on line 63
2017-12-01 14:19:54 - PHP Notice:  Undefined variable: result in /var/www/bbar/web/catalog/controller/extension/module/featured.php on line 63
2017-12-01 14:19:54 - PHP Notice:  Undefined variable: result in /var/www/bbar/web/catalog/controller/extension/module/featured.php on line 63
2017-12-01 14:19:54 - PHP Notice:  Undefined variable: result in /var/www/bbar/web/catalog/controller/extension/module/featured.php on line 63
2017-12-01 14:19:54 - PHP Notice:  Undefined variable: result in /var/www/bbar/web/catalog/controller/extension/module/featured.php on line 63
2017-12-01 14:19:54 - PHP Notice:  Undefined variable: result in /var/www/bbar/web/catalog/controller/extension/module/featured.php on line 63
2017-12-01 14:19:58 - PHP Notice:  Undefined variable: result in /var/www/bbar/web/catalog/controller/extension/module/featured.php on line 63
2017-12-01 14:19:58 - PHP Notice:  Undefined variable: result in /var/www/bbar/web/catalog/controller/extension/module/featured.php on line 63
2017-12-01 14:19:58 - PHP Notice:  Undefined variable: result in /var/www/bbar/web/catalog/controller/extension/module/featured.php on line 63
2017-12-01 14:19:58 - PHP Notice:  Undefined variable: result in /var/www/bbar/web/catalog/controller/extension/module/featured.php on line 63
2017-12-01 14:19:58 - PHP Notice:  Undefined variable: result in /var/www/bbar/web/catalog/controller/extension/module/featured.php on line 63
2017-12-01 14:19:58 - PHP Notice:  Undefined variable: result in /var/www/bbar/web/catalog/controller/extension/module/featured.php on line 63
2017-12-01 14:19:58 - PHP Notice:  Undefined variable: result in /var/www/bbar/web/catalog/controller/extension/module/featured.php on line 63
2017-12-01 14:19:58 - PHP Notice:  Undefined variable: result in /var/www/bbar/web/catalog/controller/extension/module/featured.php on line 63
2017-12-01 14:26:26 - PHP Notice:  Undefined variable: result in /var/www/bbar/web/catalog/controller/extension/module/featured.php on line 63
2017-12-01 14:26:26 - PHP Notice:  Undefined variable: result in /var/www/bbar/web/catalog/controller/extension/module/featured.php on line 63
2017-12-01 14:26:26 - PHP Notice:  Undefined variable: result in /var/www/bbar/web/catalog/controller/extension/module/featured.php on line 63
2017-12-01 14:26:26 - PHP Notice:  Undefined variable: result in /var/www/bbar/web/catalog/controller/extension/module/featured.php on line 63
2017-12-01 14:26:26 - PHP Notice:  Undefined variable: result in /var/www/bbar/web/catalog/controller/extension/module/featured.php on line 63
2017-12-01 14:26:26 - PHP Notice:  Undefined variable: result in /var/www/bbar/web/catalog/controller/extension/module/featured.php on line 63
2017-12-01 14:26:26 - PHP Notice:  Undefined variable: result in /var/www/bbar/web/catalog/controller/extension/module/featured.php on line 63
2017-12-01 14:26:26 - PHP Notice:  Undefined variable: result in /var/www/bbar/web/catalog/controller/extension/module/featured.php on line 63
2017-12-01 14:30:50 - PHP Notice:  Undefined variable: result in /var/www/bbar/web/catalog/controller/extension/module/featured.php on line 63
2017-12-01 14:30:50 - PHP Notice:  Undefined variable: result in /var/www/bbar/web/catalog/controller/extension/module/featured.php on line 63
2017-12-01 14:30:50 - PHP Notice:  Undefined variable: result in /var/www/bbar/web/catalog/controller/extension/module/featured.php on line 63
2017-12-01 14:30:50 - PHP Notice:  Undefined variable: result in /var/www/bbar/web/catalog/controller/extension/module/featured.php on line 63
2017-12-01 14:30:50 - PHP Notice:  Undefined variable: result in /var/www/bbar/web/catalog/controller/extension/module/featured.php on line 63
2017-12-01 14:30:51 - PHP Notice:  Undefined variable: result in /var/www/bbar/web/catalog/controller/extension/module/featured.php on line 63
2017-12-01 14:30:51 - PHP Notice:  Undefined variable: result in /var/www/bbar/web/catalog/controller/extension/module/featured.php on line 63
2017-12-01 14:30:51 - PHP Notice:  Undefined variable: result in /var/www/bbar/web/catalog/controller/extension/module/featured.php on line 63
2017-12-01 14:32:15 - PHP Notice:  Undefined variable: result in /var/www/bbar/web/catalog/controller/extension/module/featured.php on line 63
2017-12-01 14:32:15 - PHP Notice:  Undefined variable: result in /var/www/bbar/web/catalog/controller/extension/module/featured.php on line 63
2017-12-01 14:32:15 - PHP Notice:  Undefined variable: result in /var/www/bbar/web/catalog/controller/extension/module/featured.php on line 63
2017-12-01 14:32:16 - PHP Notice:  Undefined variable: result in /var/www/bbar/web/catalog/controller/extension/module/featured.php on line 63
2017-12-01 14:32:16 - PHP Notice:  Undefined variable: result in /var/www/bbar/web/catalog/controller/extension/module/featured.php on line 63
2017-12-01 14:32:16 - PHP Notice:  Undefined variable: result in /var/www/bbar/web/catalog/controller/extension/module/featured.php on line 63
2017-12-01 14:32:16 - PHP Notice:  Undefined variable: result in /var/www/bbar/web/catalog/controller/extension/module/featured.php on line 63
2017-12-01 14:32:16 - PHP Notice:  Undefined variable: result in /var/www/bbar/web/catalog/controller/extension/module/featured.php on line 63
2017-12-01 14:32:38 - PHP Notice:  Undefined variable: result in /var/www/bbar/web/catalog/controller/extension/module/featured.php on line 63
2017-12-01 14:32:38 - PHP Notice:  Undefined variable: result in /var/www/bbar/web/catalog/controller/extension/module/featured.php on line 63
2017-12-01 14:32:38 - PHP Notice:  Undefined variable: result in /var/www/bbar/web/catalog/controller/extension/module/featured.php on line 63
2017-12-01 14:32:38 - PHP Notice:  Undefined variable: result in /var/www/bbar/web/catalog/controller/extension/module/featured.php on line 63
2017-12-01 14:32:38 - PHP Notice:  Undefined variable: result in /var/www/bbar/web/catalog/controller/extension/module/featured.php on line 63
2017-12-01 14:32:38 - PHP Notice:  Undefined variable: result in /var/www/bbar/web/catalog/controller/extension/module/featured.php on line 63
2017-12-01 14:32:38 - PHP Notice:  Undefined variable: result in /var/www/bbar/web/catalog/controller/extension/module/featured.php on line 63
2017-12-01 14:32:38 - PHP Notice:  Undefined variable: result in /var/www/bbar/web/catalog/controller/extension/module/featured.php on line 63
2017-12-01 14:33:01 - PHP Notice:  Undefined variable: result in /var/www/bbar/web/catalog/controller/extension/module/featured.php on line 63
2017-12-01 14:33:01 - PHP Notice:  Undefined variable: result in /var/www/bbar/web/catalog/controller/extension/module/featured.php on line 63
2017-12-01 14:33:01 - PHP Notice:  Undefined variable: result in /var/www/bbar/web/catalog/controller/extension/module/featured.php on line 63
2017-12-01 14:33:01 - PHP Notice:  Undefined variable: result in /var/www/bbar/web/catalog/controller/extension/module/featured.php on line 63
2017-12-01 14:33:01 - PHP Notice:  Undefined variable: result in /var/www/bbar/web/catalog/controller/extension/module/featured.php on line 63
2017-12-01 14:33:01 - PHP Notice:  Undefined variable: result in /var/www/bbar/web/catalog/controller/extension/module/featured.php on line 63
2017-12-01 14:33:01 - PHP Notice:  Undefined variable: result in /var/www/bbar/web/catalog/controller/extension/module/featured.php on line 63
2017-12-01 14:33:01 - PHP Notice:  Undefined variable: result in /var/www/bbar/web/catalog/controller/extension/module/featured.php on line 63
2017-12-01 14:33:14 - PHP Notice:  Undefined variable: result in /var/www/bbar/web/catalog/controller/extension/module/featured.php on line 63
2017-12-01 14:33:14 - PHP Notice:  Undefined variable: result in /var/www/bbar/web/catalog/controller/extension/module/featured.php on line 63
2017-12-01 14:33:14 - PHP Notice:  Undefined variable: result in /var/www/bbar/web/catalog/controller/extension/module/featured.php on line 63
2017-12-01 14:33:14 - PHP Notice:  Undefined variable: result in /var/www/bbar/web/catalog/controller/extension/module/featured.php on line 63
2017-12-01 14:33:14 - PHP Notice:  Undefined variable: result in /var/www/bbar/web/catalog/controller/extension/module/featured.php on line 63
2017-12-01 14:33:14 - PHP Notice:  Undefined variable: result in /var/www/bbar/web/catalog/controller/extension/module/featured.php on line 63
2017-12-01 14:33:14 - PHP Notice:  Undefined variable: result in /var/www/bbar/web/catalog/controller/extension/module/featured.php on line 63
2017-12-01 14:33:14 - PHP Notice:  Undefined variable: result in /var/www/bbar/web/catalog/controller/extension/module/featured.php on line 63
2017-12-01 14:34:09 - PHP Notice:  Undefined variable: result in /var/www/bbar/web/catalog/controller/extension/module/featured.php on line 63
2017-12-01 14:34:09 - PHP Notice:  Undefined variable: result in /var/www/bbar/web/catalog/controller/extension/module/featured.php on line 63
2017-12-01 14:34:09 - PHP Notice:  Undefined variable: result in /var/www/bbar/web/catalog/controller/extension/module/featured.php on line 63
2017-12-01 14:34:09 - PHP Notice:  Undefined variable: result in /var/www/bbar/web/catalog/controller/extension/module/featured.php on line 63
2017-12-01 14:34:09 - PHP Notice:  Undefined variable: result in /var/www/bbar/web/catalog/controller/extension/module/featured.php on line 63
2017-12-01 14:34:09 - PHP Notice:  Undefined variable: result in /var/www/bbar/web/catalog/controller/extension/module/featured.php on line 63
2017-12-01 14:34:09 - PHP Notice:  Undefined variable: result in /var/www/bbar/web/catalog/controller/extension/module/featured.php on line 63
2017-12-01 14:34:09 - PHP Notice:  Undefined variable: result in /var/www/bbar/web/catalog/controller/extension/module/featured.php on line 63
2017-12-01 14:49:20 - PHP Notice:  Undefined variable: result in /var/www/bbar/web/catalog/controller/extension/module/featured.php on line 63
2017-12-01 14:49:20 - PHP Notice:  Undefined variable: result in /var/www/bbar/web/catalog/controller/extension/module/featured.php on line 63
2017-12-01 14:49:20 - PHP Notice:  Undefined variable: result in /var/www/bbar/web/catalog/controller/extension/module/featured.php on line 63
2017-12-01 14:49:20 - PHP Notice:  Undefined variable: result in /var/www/bbar/web/catalog/controller/extension/module/featured.php on line 63
2017-12-01 14:49:20 - PHP Notice:  Undefined variable: result in /var/www/bbar/web/catalog/controller/extension/module/featured.php on line 63
2017-12-01 14:49:20 - PHP Notice:  Undefined variable: result in /var/www/bbar/web/catalog/controller/extension/module/featured.php on line 63
2017-12-01 14:49:20 - PHP Notice:  Undefined variable: result in /var/www/bbar/web/catalog/controller/extension/module/featured.php on line 63
2017-12-01 14:49:20 - PHP Notice:  Undefined variable: result in /var/www/bbar/web/catalog/controller/extension/module/featured.php on line 63
2017-12-01 14:49:20 - PHP Notice:  Undefined variable: error_name in /var/www/bbar/web/catalog/view/theme/default/template/common/header.tpl on line 118
2017-12-01 14:49:20 - PHP Notice:  Undefined variable: error_email in /var/www/bbar/web/catalog/view/theme/default/template/common/header.tpl on line 124
2017-12-01 14:49:20 - PHP Notice:  Undefined variable: error_password in /var/www/bbar/web/catalog/view/theme/default/template/common/header.tpl on line 130
2017-12-01 14:49:47 - PHP Notice:  Undefined variable: result in /var/www/bbar/web/catalog/controller/extension/module/featured.php on line 63
2017-12-01 14:49:47 - PHP Notice:  Undefined variable: result in /var/www/bbar/web/catalog/controller/extension/module/featured.php on line 63
2017-12-01 14:49:47 - PHP Notice:  Undefined variable: result in /var/www/bbar/web/catalog/controller/extension/module/featured.php on line 63
2017-12-01 14:49:47 - PHP Notice:  Undefined variable: result in /var/www/bbar/web/catalog/controller/extension/module/featured.php on line 63
2017-12-01 14:49:47 - PHP Notice:  Undefined variable: result in /var/www/bbar/web/catalog/controller/extension/module/featured.php on line 63
2017-12-01 14:49:47 - PHP Notice:  Undefined variable: result in /var/www/bbar/web/catalog/controller/extension/module/featured.php on line 63
2017-12-01 14:49:47 - PHP Notice:  Undefined variable: result in /var/www/bbar/web/catalog/controller/extension/module/featured.php on line 63
2017-12-01 14:49:47 - PHP Notice:  Undefined variable: result in /var/www/bbar/web/catalog/controller/extension/module/featured.php on line 63
2017-12-01 14:52:56 - PHP Notice:  Undefined variable: result in /var/www/bbar/web/catalog/controller/extension/module/featured.php on line 63
2017-12-01 14:52:56 - PHP Notice:  Undefined variable: result in /var/www/bbar/web/catalog/controller/extension/module/featured.php on line 63
2017-12-01 14:52:56 - PHP Notice:  Undefined variable: result in /var/www/bbar/web/catalog/controller/extension/module/featured.php on line 63
2017-12-01 14:52:56 - PHP Notice:  Undefined variable: result in /var/www/bbar/web/catalog/controller/extension/module/featured.php on line 63
2017-12-01 14:52:56 - PHP Notice:  Undefined variable: result in /var/www/bbar/web/catalog/controller/extension/module/featured.php on line 63
2017-12-01 14:52:56 - PHP Notice:  Undefined variable: result in /var/www/bbar/web/catalog/controller/extension/module/featured.php on line 63
2017-12-01 14:52:56 - PHP Notice:  Undefined variable: result in /var/www/bbar/web/catalog/controller/extension/module/featured.php on line 63
2017-12-01 14:52:56 - PHP Notice:  Undefined variable: result in /var/www/bbar/web/catalog/controller/extension/module/featured.php on line 63
2017-12-01 14:54:57 - PHP Notice:  Undefined variable: result in /var/www/bbar/web/catalog/controller/extension/module/featured.php on line 63
2017-12-01 14:54:57 - PHP Notice:  Undefined variable: result in /var/www/bbar/web/catalog/controller/extension/module/featured.php on line 63
2017-12-01 14:54:57 - PHP Notice:  Undefined variable: result in /var/www/bbar/web/catalog/controller/extension/module/featured.php on line 63
2017-12-01 14:54:57 - PHP Notice:  Undefined variable: result in /var/www/bbar/web/catalog/controller/extension/module/featured.php on line 63
2017-12-01 14:54:57 - PHP Notice:  Undefined variable: result in /var/www/bbar/web/catalog/controller/extension/module/featured.php on line 63
2017-12-01 14:54:57 - PHP Notice:  Undefined variable: result in /var/www/bbar/web/catalog/controller/extension/module/featured.php on line 63
2017-12-01 14:54:57 - PHP Notice:  Undefined variable: result in /var/www/bbar/web/catalog/controller/extension/module/featured.php on line 63
2017-12-01 14:54:57 - PHP Notice:  Undefined variable: result in /var/www/bbar/web/catalog/controller/extension/module/featured.php on line 63
2017-12-01 14:54:58 - PHP Notice:  Undefined variable: result in /var/www/bbar/web/catalog/controller/extension/module/featured.php on line 63
2017-12-01 14:54:58 - PHP Notice:  Undefined variable: result in /var/www/bbar/web/catalog/controller/extension/module/featured.php on line 63
2017-12-01 14:54:58 - PHP Notice:  Undefined variable: result in /var/www/bbar/web/catalog/controller/extension/module/featured.php on line 63
2017-12-01 14:54:58 - PHP Notice:  Undefined variable: result in /var/www/bbar/web/catalog/controller/extension/module/featured.php on line 63
2017-12-01 14:54:58 - PHP Notice:  Undefined variable: result in /var/www/bbar/web/catalog/controller/extension/module/featured.php on line 63
2017-12-01 14:54:58 - PHP Notice:  Undefined variable: result in /var/www/bbar/web/catalog/controller/extension/module/featured.php on line 63
2017-12-01 14:54:58 - PHP Notice:  Undefined variable: result in /var/www/bbar/web/catalog/controller/extension/module/featured.php on line 63
2017-12-01 14:54:58 - PHP Notice:  Undefined variable: result in /var/www/bbar/web/catalog/controller/extension/module/featured.php on line 63
2017-12-01 14:55:02 - PHP Notice:  Undefined variable: result in /var/www/bbar/web/catalog/controller/extension/module/featured.php on line 63
2017-12-01 14:55:02 - PHP Notice:  Undefined variable: result in /var/www/bbar/web/catalog/controller/extension/module/featured.php on line 63
2017-12-01 14:55:02 - PHP Notice:  Undefined variable: result in /var/www/bbar/web/catalog/controller/extension/module/featured.php on line 63
2017-12-01 14:55:02 - PHP Notice:  Undefined variable: result in /var/www/bbar/web/catalog/controller/extension/module/featured.php on line 63
2017-12-01 14:55:02 - PHP Notice:  Undefined variable: result in /var/www/bbar/web/catalog/controller/extension/module/featured.php on line 63
2017-12-01 14:55:02 - PHP Notice:  Undefined variable: result in /var/www/bbar/web/catalog/controller/extension/module/featured.php on line 63
2017-12-01 14:55:02 - PHP Notice:  Undefined variable: result in /var/www/bbar/web/catalog/controller/extension/module/featured.php on line 63
2017-12-01 14:55:02 - PHP Notice:  Undefined variable: result in /var/www/bbar/web/catalog/controller/extension/module/featured.php on line 63
2017-12-01 14:55:12 - PHP Notice:  Undefined variable: result in /var/www/bbar/web/catalog/controller/extension/module/featured.php on line 63
2017-12-01 14:55:12 - PHP Notice:  Undefined variable: result in /var/www/bbar/web/catalog/controller/extension/module/featured.php on line 63
2017-12-01 14:55:12 - PHP Notice:  Undefined variable: result in /var/www/bbar/web/catalog/controller/extension/module/featured.php on line 63
2017-12-01 14:55:12 - PHP Notice:  Undefined variable: result in /var/www/bbar/web/catalog/controller/extension/module/featured.php on line 63
2017-12-01 14:55:12 - PHP Notice:  Undefined variable: result in /var/www/bbar/web/catalog/controller/extension/module/featured.php on line 63
2017-12-01 14:55:12 - PHP Notice:  Undefined variable: result in /var/www/bbar/web/catalog/controller/extension/module/featured.php on line 63
2017-12-01 14:55:12 - PHP Notice:  Undefined variable: result in /var/www/bbar/web/catalog/controller/extension/module/featured.php on line 63
2017-12-01 14:55:12 - PHP Notice:  Undefined variable: result in /var/www/bbar/web/catalog/controller/extension/module/featured.php on line 63
2017-12-01 14:56:29 - PHP Notice:  Undefined variable: result in /var/www/bbar/web/catalog/controller/extension/module/featured.php on line 63
2017-12-01 14:56:29 - PHP Notice:  Undefined variable: result in /var/www/bbar/web/catalog/controller/extension/module/featured.php on line 63
2017-12-01 14:56:29 - PHP Notice:  Undefined variable: result in /var/www/bbar/web/catalog/controller/extension/module/featured.php on line 63
2017-12-01 14:56:29 - PHP Notice:  Undefined variable: result in /var/www/bbar/web/catalog/controller/extension/module/featured.php on line 63
2017-12-01 14:56:29 - PHP Notice:  Undefined variable: result in /var/www/bbar/web/catalog/controller/extension/module/featured.php on line 63
2017-12-01 14:56:29 - PHP Notice:  Undefined variable: result in /var/www/bbar/web/catalog/controller/extension/module/featured.php on line 63
2017-12-01 14:56:29 - PHP Notice:  Undefined variable: result in /var/www/bbar/web/catalog/controller/extension/module/featured.php on line 63
2017-12-01 14:56:29 - PHP Notice:  Undefined variable: result in /var/www/bbar/web/catalog/controller/extension/module/featured.php on line 63
2017-12-01 14:56:48 - PHP Notice:  Undefined variable: result in /var/www/bbar/web/catalog/controller/extension/module/featured.php on line 63
2017-12-01 14:56:48 - PHP Notice:  Undefined variable: result in /var/www/bbar/web/catalog/controller/extension/module/featured.php on line 63
2017-12-01 14:56:48 - PHP Notice:  Undefined variable: result in /var/www/bbar/web/catalog/controller/extension/module/featured.php on line 63
2017-12-01 14:56:48 - PHP Notice:  Undefined variable: result in /var/www/bbar/web/catalog/controller/extension/module/featured.php on line 63
2017-12-01 14:56:48 - PHP Notice:  Undefined variable: result in /var/www/bbar/web/catalog/controller/extension/module/featured.php on line 63
2017-12-01 14:56:48 - PHP Notice:  Undefined variable: result in /var/www/bbar/web/catalog/controller/extension/module/featured.php on line 63
2017-12-01 14:56:48 - PHP Notice:  Undefined variable: result in /var/www/bbar/web/catalog/controller/extension/module/featured.php on line 63
2017-12-01 14:56:48 - PHP Notice:  Undefined variable: result in /var/www/bbar/web/catalog/controller/extension/module/featured.php on line 63
2017-12-01 14:59:26 - PHP Notice:  Undefined variable: result in /var/www/bbar/web/catalog/controller/extension/module/featured.php on line 63
2017-12-01 14:59:26 - PHP Notice:  Undefined variable: result in /var/www/bbar/web/catalog/controller/extension/module/featured.php on line 63
2017-12-01 14:59:26 - PHP Notice:  Undefined variable: result in /var/www/bbar/web/catalog/controller/extension/module/featured.php on line 63
2017-12-01 14:59:26 - PHP Notice:  Undefined variable: result in /var/www/bbar/web/catalog/controller/extension/module/featured.php on line 63
2017-12-01 14:59:26 - PHP Notice:  Undefined variable: result in /var/www/bbar/web/catalog/controller/extension/module/featured.php on line 63
2017-12-01 14:59:26 - PHP Notice:  Undefined variable: result in /var/www/bbar/web/catalog/controller/extension/module/featured.php on line 63
2017-12-01 14:59:26 - PHP Notice:  Undefined variable: result in /var/www/bbar/web/catalog/controller/extension/module/featured.php on line 63
2017-12-01 14:59:26 - PHP Notice:  Undefined variable: result in /var/www/bbar/web/catalog/controller/extension/module/featured.php on line 63
